MIF/HEX Update report for VGADEMO
Tue Nov 21 12:19:59 2017
Quartus Prime Version 17.0.0 Build 595 04/25/2017 SJ Lite Edition


---------------------
; Table of Contents ;
---------------------
  1. Legal Notice
  2. MIF/HEX Update Summary
  3. MIF/HEX Update Processed Files
  4. MIF/HEX Update Messages



----------------
; Legal Notice ;
----------------
Copyright (C) 2017  Intel Corporation. All rights reserved.
Your use of Intel Corporation's design tools, logic functions 
and other software and tools, and its AMPP partner logic 
functions, and any output files from any of the foregoing 
(including device programming or simulation files), and any 
associated documentation or information are expressly subject 
to the terms and conditions of the Intel Program License 
Subscription Agreement, the Intel Quartus Prime License Agreement,
the Intel MegaCore Function License Agreement, or other 
applicable license agreement, including, without limitation, 
that your use is for the sole purpose of programming logic 
devices manufactured by Intel and sold by Intel or its 
authorized distributors.  Please refer to the applicable 
agreement for further details.



+---------------------------------------------------------------+
; MIF/HEX Update Summary                                        ;
+-----------------------+---------------------------------------+
; MIF/HEX Update Status ; Successful - Tue Nov 21 12:19:59 2017 ;
; Revision Name         ; VGADEMO                               ;
; Top-level Entity Name ; VGADEMO                               ;
; Family                ; Cyclone V                             ;
; Device                ; 5CEBA4F23C7                           ;
+-----------------------+---------------------------------------+


+------------------------------------------------------------------------------------------------+
; MIF/HEX Update Processed Files                                                                 ;
+------------------------------------------------------------------------------------------------+
; File Name                                                                                      ;
+------------------------------------------------------------------------------------------------+
; C:/Users/Josh Andrews/Desktop/ECE 473/ECE473-Final-Project/Milestone 3/VGA_DEMO/m3_t6_data.mif ;
; C:/Users/Josh Andrews/Desktop/ECE 473/ECE473-Final-Project/Milestone 3/VGA_DEMO/m3_t6_ins.mif  ;
+------------------------------------------------------------------------------------------------+


+-------------------------+
; MIF/HEX Update Messages ;
+-------------------------+
Info: *******************************************************************
Info: Running Quartus Prime MIF/HEX Update
    Info: Version 17.0.0 Build 595 04/25/2017 SJ Lite Edition
    Info: Processing started: Tue Nov 21 12:19:46 2017
Info: Command: quartus_cdb VGADEMO -c VGADEMO --update_mif
Warning (18236): Number of processors has not been specified which may cause overloading on shared machines.  Set the global assignment NUM_PARALLEL_PROCESSORS in your QSF to an appropriate value for best performance.
Info (39024): Processed the following Memory Initialization File(s)
    Info (39025): Processed Memory Initialization File C:/Users/Josh Andrews/Desktop/ECE 473/ECE473-Final-Project/Milestone 3/VGA_DEMO/m3_t6_data.mif File: C:/Users/Josh Andrews/Desktop/ECE 473/ECE473-Final-Project/Milestone 3/VGA_DEMO/m3_t6_data.mif Line: 0
    Info (39025): Processed Memory Initialization File C:/Users/Josh Andrews/Desktop/ECE 473/ECE473-Final-Project/Milestone 3/VGA_DEMO/m3_t6_ins.mif File: C:/Users/Josh Andrews/Desktop/ECE 473/ECE473-Final-Project/Milestone 3/VGA_DEMO/m3_t6_ins.mif Line: 0
Info: Quartus Prime MIF/HEX Update was successful. 0 errors, 1 warning
    Info: Peak virtual memory: 742 megabytes
    Info: Processing ended: Tue Nov 21 12:19:59 2017
    Info: Elapsed time: 00:00:13
    Info: Total CPU time (on all processors): 00:00:13


